TN:
SF:src/firebase/auth.js
FN:13,(anonymous_0)
FN:23,(anonymous_1)
FN:27,(anonymous_2)
FN:34,(anonymous_3)
FN:38,(anonymous_4)
FN:42,(anonymous_5)
FN:46,(anonymous_6)
FNF:7
FNH:0
FNDA:0,(anonymous_0)
FNDA:0,(anonymous_1)
FNDA:0,(anonymous_2)
FNDA:0,(anonymous_3)
FNDA:0,(anonymous_4)
FNDA:0,(anonymous_5)
FNDA:0,(anonymous_6)
DA:13,0
DA:14,0
DA:15,0
DA:16,0
DA:17,0
DA:19,0
DA:23,0
DA:24,0
DA:27,0
DA:28,0
DA:29,0
DA:30,0
DA:31,0
DA:34,0
DA:35,0
DA:38,0
DA:39,0
DA:42,0
DA:43,0
DA:46,0
DA:47,0
LF:21
LH:0
BRF:0
BRH:0
end_of_record
TN:
SF:src/firebase/firebase.js
FNF:0
FNH:0
DA:7,0
DA:18,0
DA:19,0
DA:20,0
LF:4
LH:0
BRF:0
BRH:0
end_of_record
TN:
SF:src/firebase/firestore.js
FN:11,(anonymous_0)
FN:34,(anonymous_1)
FN:54,(anonymous_2)
FN:74,(anonymous_3)
FNF:4
FNH:4
FNDA:6,(anonymous_0)
FNDA:14,(anonymous_1)
FNDA:7,(anonymous_2)
FNDA:9,(anonymous_3)
DA:11,1
DA:13,6
DA:17,6
DA:19,6
DA:21,6
DA:23,6
DA:24,1
DA:26,3
DA:27,3
DA:30,2
DA:34,1
DA:35,14
DA:36,14
DA:37,3
DA:40,11
DA:41,1
DA:44,10
DA:45,10
DA:49,4
DA:50,4
DA:54,1
DA:55,7
DA:56,7
DA:57,1
DA:60,6
DA:61,1
DA:64,5
DA:65,5
DA:69,2
DA:70,2
DA:74,1
DA:75,9
DA:76,9
DA:78,8
DA:80,7
DA:81,6
DA:83,6
DA:84,4
DA:86,2
DA:87,2
DA:90,1
DA:91,1
DA:94,2
DA:95,2
LF:44
LH:44
BRDA:23,0,0,1
BRDA:23,0,1,3
BRDA:36,1,0,3
BRDA:36,1,1,11
BRDA:36,2,0,14
BRDA:36,2,1,12
BRDA:40,3,0,1
BRDA:40,3,1,10
BRDA:56,4,0,1
BRDA:56,4,1,6
BRDA:56,5,0,7
BRDA:56,5,1,6
BRDA:60,6,0,1
BRDA:60,6,1,5
BRDA:80,7,0,6
BRDA:80,7,1,1
BRDA:83,8,0,4
BRDA:83,8,1,2
BRDA:83,9,0,6
BRDA:83,9,1,5
BRF:20
BRH:20
end_of_record
TN:
SF:src/tmdb/config.jsx
FN:18,(anonymous_0)
FN:34,(anonymous_1)
FN:49,(anonymous_2)
FN:64,(anonymous_3)
FN:79,(anonymous_4)
FN:90,(anonymous_5)
FN:112,(anonymous_6)
FN:122,(anonymous_7)
FN:145,(anonymous_8)
FN:154,(anonymous_9)
FN:155,(anonymous_10)
FN:171,fetchMovieVideos
FN:182,(anonymous_12)
FN:192,(anonymous_13)
FNF:14
FNH:14
FNDA:7,(anonymous_0)
FNDA:3,(anonymous_1)
FNDA:3,(anonymous_2)
FNDA:2,(anonymous_3)
FNDA:3,(anonymous_4)
FNDA:1,(anonymous_5)
FNDA:3,(anonymous_6)
FNDA:1,(anonymous_7)
FNDA:3,(anonymous_8)
FNDA:2,(anonymous_9)
FNDA:2,(anonymous_10)
FNDA:2,fetchMovieVideos
FNDA:2,(anonymous_12)
FNDA:2,(anonymous_13)
DA:3,1
DA:4,1
DA:6,1
DA:11,1
DA:18,1
DA:19,7
DA:20,7
DA:29,7
DA:30,1
DA:31,1
DA:34,6
DA:42,5
DA:44,1
DA:45,1
DA:49,1
DA:50,3
DA:51,3
DA:57,2
DA:59,1
DA:60,1
DA:64,1
DA:65,2
DA:66,2
DA:72,1
DA:74,1
DA:75,1
DA:79,1
DA:80,3
DA:81,3
DA:90,2
DA:98,2
DA:100,2
DA:101,1
DA:104,2
DA:106,1
DA:107,1
DA:112,1
DA:113,3
DA:114,3
DA:122,2
DA:130,2
DA:132,2
DA:133,1
DA:136,2
DA:138,1
DA:139,1
DA:145,1
DA:146,3
DA:147,3
DA:153,2
DA:154,2
DA:155,2
DA:164,2
DA:166,1
DA:167,1
DA:172,2
DA:174,2
DA:175,2
DA:181,1
DA:182,2
DA:184,1
DA:186,1
DA:187,1
DA:192,1
DA:193,2
DA:194,2
DA:200,1
DA:201,1
DA:203,1
DA:207,1
LF:70
LH:70
BRDA:29,0,0,1
BRDA:29,0,1,6
BRDA:29,1,0,7
BRDA:29,1,1,2
BRDA:100,2,0,1
BRDA:100,2,1,1
BRDA:132,3,0,1
BRDA:132,3,1,1
BRDA:159,4,0,1
BRDA:159,4,1,1
BRF:10
BRH:10
end_of_record
